 ドライブ C のボリューム ラベルがありません。
 ボリューム シリアル番号は <redacted> です

 <redacted> のディレクトリ

2018/10/13  15:46    <DIR>          <redacted>
2018/10/13  15:46    <DIR>          <redacted>
2018/04/09  20:12    <DIR>          <redacted>
2018/09/21  18:54    <DIR>          <redacted>
2018/04/15  22:56    <DIR>          <redacted>
2018/04/15  22:52                43 <redacted>
2018/10/10  17:58    <DIR>          <redacted>
2018/04/15  23:50    <DIR>          <redacted>
2018/06/23  18:56    <DIR>          <redacted>
2017/03/05  00:29    <DIR>          <redacted>
2018/10/10  17:57               278 <redacted>
2018/09/20  12:00    <DIR>          <redacted>
2018/02/02  17:48    <DIR>          <redacted>
2018/04/09  22:42    <DIR>          <redacted>
2017/10/15  13:20    <DIR>          <redacted>
2018/04/10  19:35    <DIR>          <redacted>
2018/04/18  23:17    <DIR>          <redacted>
2016/11/20  12:17    <DIR>          <redacted>
2018/09/22  20:47    <DIR>          <redacted>
2016/11/20  12:17    <DIR>          <redacted>
2018/10/15  16:08    <DIR>          <redacted>
2017/01/29  18:58    <DIR>          <redacted>
2018/05/18  19:18    <DIR>          <redacted>
2018/10/03  10:25    <DIR>          <redacted>
2018/04/08  23:00    <DIR>          <redacted>
2018/09/29  16:23    <DIR>          <redacted>
2018/02/02  16:51    <DIR>          <redacted>
2018/04/08  22:59    <DIR>          <redacted>
2017/12/25  15:08    <DIR>          <redacted>
2016/03/29  19:12    <DIR>          <redacted>
2018/09/29  16:23    <DIR>          <redacted>
2018/10/17  09:47    <DIR>          <redacted>
2018/10/17  23:02    <DIR>          <redacted>
2018/05/28  09:47    <DIR>          <redacted>
2018/05/28  09:47    <DIR>          <redacted>
2018/09/29  16:23    <DIR>          <redacted>
2018/09/29  16:23    <DIR>          <redacted>
2018/05/28  09:47    <DIR>          <redacted>
2017/05/13  16:19    <DIR>          <redacted>
2018/05/28  09:47    <DIR>          <redacted>
2018/09/29  16:23    <DIR>          <redacted>
2018/09/29  16:23    <DIR>          <redacted>
2018/05/26  23:27    <DIR>          <redacted>
2016/12/19  17:34                 0 <redacted>
2016/03/02  19:19    <DIR>          <redacted>
2018/05/28  09:47    <DIR>          <redacted>
2018/10/03  10:24    <DIR>          <redacted>
2018/06/25  20:46               226 <redacted>
               4 個のファイル                 547 バイト
              44 個のディレクトリ  <redacted> バイトの空き領域
